<?xml version="1.0" encoding="UTF-8"?>
<!-- Generated by org.testng.reporters.JUnitReportReporter -->
<testsuite skipped="0" hostname="DESKTOP-VN78I9J" name="com.mvnJenkins.Scenario1_Test" tests="1" failures="0" timestamp="19 Aug 2020 06:09:00 GMT" time="2.048" errors="0">
  <testcase name="testOne" time="2.048" classname="com.mvnJenkins.Scenario1_Test"/>
</testsuite> <!-- com.mvnJenkins.Scenario1_Test -->
