<?xml version="1.0" encoding="UTF-8"?>
<!-- Generated by org.testng.reporters.JUnitReportReporter -->
<testsuite skipped="0" hostname="DESKTOP-VN78I9J" name="com.mvnJenkins.Onefest" tests="1" failures="0" timestamp="16 Aug 2020 13:37:18 GMT" time="0.065" errors="0">
  <testcase name="testOne" time="0.065" classname="com.mvnJenkins.Onefest"/>
</testsuite> <!-- com.mvnJenkins.Onefest -->
